TimeQuest Timing Analyzer report for snoop
Fri Jun 29 00:19:30 2018
Quartus II 64-Bit Version 13.0.1 Build 232 06/12/2013 Service Pack 1 SJ Web Edition


---------------------
; Table of Contents ;
---------------------
  1. Legal Notice
  2. TimeQuest Timing Analyzer Summary
  3. Parallel Compilation
  4. Clocks
  5. Slow Model Fmax Summary
  6. Slow Model Setup Summary
  7. Slow Model Hold Summary
  8. Slow Model Recovery Summary
  9. Slow Model Removal Summary
 10. Slow Model Minimum Pulse Width Summary
 11. Slow Model Setup: 'SW[0]'
 12. Slow Model Hold: 'SW[0]'
 13. Slow Model Minimum Pulse Width: 'SW[0]'
 14. Clock to Output Times
 15. Minimum Clock to Output Times
 16. Propagation Delay
 17. Minimum Propagation Delay
 18. Fast Model Setup Summary
 19. Fast Model Hold Summary
 20. Fast Model Recovery Summary
 21. Fast Model Removal Summary
 22. Fast Model Minimum Pulse Width Summary
 23. Fast Model Setup: 'SW[0]'
 24. Fast Model Hold: 'SW[0]'
 25. Fast Model Minimum Pulse Width: 'SW[0]'
 26. Clock to Output Times
 27. Minimum Clock to Output Times
 28. Propagation Delay
 29. Minimum Propagation Delay
 30. Multicorner Timing Analysis Summary
 31. Clock to Output Times
 32. Minimum Clock to Output Times
 33. Progagation Delay
 34. Minimum Progagation Delay
 35. Setup Transfers
 36. Hold Transfers
 37. Report TCCS
 38. Report RSKM
 39. Unconstrained Paths
 40. TimeQuest Timing Analyzer Messages



----------------
; Legal Notice ;
----------------
Copyright (C) 1991-2013 Altera Corporation
Your use of Altera Corporation's design tools, logic functions 
and other software and tools, and its AMPP partner logic 
functions, and any output files from any of the foregoing 
(including device programming or simulation files), and any 
associated documentation or information are expressly subject 
to the terms and conditions of the Altera Program License 
Subscription Agreement, Altera MegaCore Function License 
Agreement, or other applicable license agreement, including, 
without limitation, that your use is for the sole purpose of 
programming logic devices manufactured by Altera and sold by 
Altera or its authorized distributors.  Please refer to the 
applicable agreement for further details.



+----------------------------------------------------------------------------------------+
; TimeQuest Timing Analyzer Summary                                                      ;
+--------------------+-------------------------------------------------------------------+
; Quartus II Version ; Version 13.0.1 Build 232 06/12/2013 Service Pack 1 SJ Web Edition ;
; Revision Name      ; snoop                                                             ;
; Device Family      ; Cyclone II                                                        ;
; Device Name        ; EP2C35F672C6                                                      ;
; Timing Models      ; Final                                                             ;
; Delay Model        ; Combined                                                          ;
; Rise/Fall Delays   ; Unavailable                                                       ;
+--------------------+-------------------------------------------------------------------+


Parallel compilation was disabled, but you have multiple processors available. Enable parallel compilation to reduce compilation time.
+-------------------------------------+
; Parallel Compilation                ;
+----------------------------+--------+
; Processors                 ; Number ;
+----------------------------+--------+
; Number detected on machine ; 4      ;
; Maximum allowed            ; 1      ;
+----------------------------+--------+


+-----------------------------------------------------------------------------------------------------------------------------------------------------------------------------------+
; Clocks                                                                                                                                                                            ;
+------------+------+--------+------------+-------+-------+------------+-----------+-------------+-------+--------+-----------+------------+----------+--------+--------+-----------+
; Clock Name ; Type ; Period ; Frequency  ; Rise  ; Fall  ; Duty Cycle ; Divide by ; Multiply by ; Phase ; Offset ; Edge List ; Edge Shift ; Inverted ; Master ; Source ; Targets   ;
+------------+------+--------+------------+-------+-------+------------+-----------+-------------+-------+--------+-----------+------------+----------+--------+--------+-----------+
; SW[0]      ; Base ; 1.000  ; 1000.0 MHz ; 0.000 ; 0.500 ;            ;           ;             ;       ;        ;           ;            ;          ;        ;        ; { SW[0] } ;
+------------+------+--------+------------+-------+-------+------------+-----------+-------------+-------+--------+-----------+------------+----------+--------+--------+-----------+


+-----------------------------------------------------------------------------------------------------------+
; Slow Model Fmax Summary                                                                                   ;
+------------+-----------------+------------+---------------------------------------------------------------+
; Fmax       ; Restricted Fmax ; Clock Name ; Note                                                          ;
+------------+-----------------+------------+---------------------------------------------------------------+
; 668.45 MHz ; 420.17 MHz      ; SW[0]      ; limit due to minimum period restriction (max I/O toggle rate) ;
+------------+-----------------+------------+---------------------------------------------------------------+
This panel reports FMAX for every clock in the design, regardless of the user-specified clock periods.  FMAX is only computed for paths where the source and destination registers or ports are driven by the same clock.  Paths of different clocks, including generated clocks, are ignored.  For paths between a clock and its inversion, FMAX is computed as if the rising and falling edges are scaled along with FMAX, such that the duty cycle (in terms of a percentage) is maintained. Altera recommends that you always use clock constraints and other slack reports for sign-off analysis.


+--------------------------------+
; Slow Model Setup Summary       ;
+-------+--------+---------------+
; Clock ; Slack  ; End Point TNS ;
+-------+--------+---------------+
; SW[0] ; -0.248 ; -0.248        ;
+-------+--------+---------------+


+-------------------------------+
; Slow Model Hold Summary       ;
+-------+-------+---------------+
; Clock ; Slack ; End Point TNS ;
+-------+-------+---------------+
; SW[0] ; 1.018 ; 0.000         ;
+-------+-------+---------------+


-------------------------------
; Slow Model Recovery Summary ;
-------------------------------
No paths to report.


------------------------------
; Slow Model Removal Summary ;
------------------------------
No paths to report.


+----------------------------------------+
; Slow Model Minimum Pulse Width Summary ;
+-------+--------+-----------------------+
; Clock ; Slack  ; End Point TNS         ;
+-------+--------+-----------------------+
; SW[0] ; -1.380 ; -3.380                ;
+-------+--------+-----------------------+


+--------------------------------------------------------------------------------------------------------------------------------------------------------------------------------------+
; Slow Model Setup: 'SW[0]'                                                                                                                                                            ;
+--------+------------------------------------------------------------+------------------------------------------+--------------+-------------+--------------+------------+------------+
; Slack  ; From Node                                                  ; To Node                                  ; Launch Clock ; Latch Clock ; Relationship ; Clock Skew ; Data Delay ;
+--------+------------------------------------------------------------+------------------------------------------+--------------+-------------+--------------+------------+------------+
; -0.248 ; snoopinstance:s1|processador:p1|emissor:e1|estado_saida[0] ; snoopinstance:s1|processador:p1|Cache[4] ; SW[0]        ; SW[0]       ; 0.500        ; 0.000      ; 0.784      ;
+--------+------------------------------------------------------------+------------------------------------------+--------------+-------------+--------------+------------+------------+


+-------------------------------------------------------------------------------------------------------------------------------------------------------------------------------------+
; Slow Model Hold: 'SW[0]'                                                                                                                                                            ;
+-------+------------------------------------------------------------+------------------------------------------+--------------+-------------+--------------+------------+------------+
; Slack ; From Node                                                  ; To Node                                  ; Launch Clock ; Latch Clock ; Relationship ; Clock Skew ; Data Delay ;
+-------+------------------------------------------------------------+------------------------------------------+--------------+-------------+--------------+------------+------------+
; 1.018 ; snoopinstance:s1|processador:p1|emissor:e1|estado_saida[0] ; snoopinstance:s1|processador:p1|Cache[4] ; SW[0]        ; SW[0]       ; -0.500       ; 0.000      ; 0.784      ;
+-------+------------------------------------------------------------+------------------------------------------+--------------+-------------+--------------+------------+------------+


+---------------------------------------------------------------------------------------------------------------------------------------------+
; Slow Model Minimum Pulse Width: 'SW[0]'                                                                                                     ;
+--------+--------------+----------------+------------------+-------+------------+------------------------------------------------------------+
; Slack  ; Actual Width ; Required Width ; Type             ; Clock ; Clock Edge ; Target                                                     ;
+--------+--------------+----------------+------------------+-------+------------+------------------------------------------------------------+
; -1.380 ; 1.000        ; 2.380          ; Port Rate        ; SW[0] ; Rise       ; SW[0]                                                      ;
; -0.500 ; 0.500        ; 1.000          ; High Pulse Width ; SW[0] ; Rise       ; snoopinstance:s1|processador:p1|Cache[4]                   ;
; -0.500 ; 0.500        ; 1.000          ; Low Pulse Width  ; SW[0] ; Rise       ; snoopinstance:s1|processador:p1|Cache[4]                   ;
; -0.500 ; 0.500        ; 1.000          ; High Pulse Width ; SW[0] ; Fall       ; snoopinstance:s1|processador:p1|emissor:e1|estado_saida[0] ;
; -0.500 ; 0.500        ; 1.000          ; Low Pulse Width  ; SW[0] ; Fall       ; snoopinstance:s1|processador:p1|emissor:e1|estado_saida[0] ;
; 0.500  ; 0.500        ; 0.000          ; High Pulse Width ; SW[0] ; Rise       ; SW[0]|combout                                              ;
; 0.500  ; 0.500        ; 0.000          ; Low Pulse Width  ; SW[0] ; Rise       ; SW[0]|combout                                              ;
; 0.500  ; 0.500        ; 0.000          ; High Pulse Width ; SW[0] ; Rise       ; SW[0]~clkctrl|inclk[0]                                     ;
; 0.500  ; 0.500        ; 0.000          ; Low Pulse Width  ; SW[0] ; Rise       ; SW[0]~clkctrl|inclk[0]                                     ;
; 0.500  ; 0.500        ; 0.000          ; High Pulse Width ; SW[0] ; Rise       ; SW[0]~clkctrl|outclk                                       ;
; 0.500  ; 0.500        ; 0.000          ; Low Pulse Width  ; SW[0] ; Rise       ; SW[0]~clkctrl|outclk                                       ;
; 0.500  ; 0.500        ; 0.000          ; High Pulse Width ; SW[0] ; Rise       ; s1|p1|Cache[4]|clk                                         ;
; 0.500  ; 0.500        ; 0.000          ; Low Pulse Width  ; SW[0] ; Rise       ; s1|p1|Cache[4]|clk                                         ;
; 0.500  ; 0.500        ; 0.000          ; High Pulse Width ; SW[0] ; Rise       ; s1|p1|e1|estado_saida[0]|clk                               ;
; 0.500  ; 0.500        ; 0.000          ; Low Pulse Width  ; SW[0] ; Rise       ; s1|p1|e1|estado_saida[0]|clk                               ;
+--------+--------------+----------------+------------------+-------+------------+------------------------------------------------------------+


+-----------------------------------------------------------------------+
; Clock to Output Times                                                 ;
+-----------+------------+-------+-------+------------+-----------------+
; Data Port ; Clock Port ; Rise  ; Fall  ; Clock Edge ; Clock Reference ;
+-----------+------------+-------+-------+------------+-----------------+
; LEDR[*]   ; SW[0]      ; 6.312 ; 6.312 ; Rise       ; SW[0]           ;
;  LEDR[0]  ; SW[0]      ; 5.611 ; 5.611 ; Rise       ; SW[0]           ;
;  LEDR[8]  ; SW[0]      ; 6.312 ; 6.312 ; Rise       ; SW[0]           ;
; LEDR[*]   ; SW[0]      ; 5.611 ; 5.611 ; Fall       ; SW[0]           ;
;  LEDR[0]  ; SW[0]      ; 5.611 ; 5.611 ; Fall       ; SW[0]           ;
+-----------+------------+-------+-------+------------+-----------------+


+-----------------------------------------------------------------------+
; Minimum Clock to Output Times                                         ;
+-----------+------------+-------+-------+------------+-----------------+
; Data Port ; Clock Port ; Rise  ; Fall  ; Clock Edge ; Clock Reference ;
+-----------+------------+-------+-------+------------+-----------------+
; LEDR[*]   ; SW[0]      ; 5.611 ; 5.611 ; Rise       ; SW[0]           ;
;  LEDR[0]  ; SW[0]      ; 5.611 ; 5.611 ; Rise       ; SW[0]           ;
;  LEDR[8]  ; SW[0]      ; 6.312 ; 6.312 ; Rise       ; SW[0]           ;
; LEDR[*]   ; SW[0]      ; 5.611 ; 5.611 ; Fall       ; SW[0]           ;
;  LEDR[0]  ; SW[0]      ; 5.611 ; 5.611 ; Fall       ; SW[0]           ;
+-----------+------------+-------+-------+------------+-----------------+


+----------------------------------------------------+
; Propagation Delay                                  ;
+------------+-------------+-------+----+----+-------+
; Input Port ; Output Port ; RR    ; RF ; FR ; FF    ;
+------------+-------------+-------+----+----+-------+
; SW[11]     ; LEDR[11]    ; 5.636 ;    ;    ; 5.636 ;
; SW[12]     ; LEDR[12]    ; 5.688 ;    ;    ; 5.688 ;
; SW[13]     ; LEDR[13]    ; 9.601 ;    ;    ; 9.601 ;
; SW[14]     ; LEDR[14]    ; 9.634 ;    ;    ; 9.634 ;
; SW[15]     ; LEDR[15]    ; 9.404 ;    ;    ; 9.404 ;
; SW[16]     ; LEDR[16]    ; 9.765 ;    ;    ; 9.765 ;
; SW[17]     ; LEDR[17]    ; 9.593 ;    ;    ; 9.593 ;
+------------+-------------+-------+----+----+-------+


+----------------------------------------------------+
; Minimum Propagation Delay                          ;
+------------+-------------+-------+----+----+-------+
; Input Port ; Output Port ; RR    ; RF ; FR ; FF    ;
+------------+-------------+-------+----+----+-------+
; SW[11]     ; LEDR[11]    ; 5.636 ;    ;    ; 5.636 ;
; SW[12]     ; LEDR[12]    ; 5.688 ;    ;    ; 5.688 ;
; SW[13]     ; LEDR[13]    ; 9.601 ;    ;    ; 9.601 ;
; SW[14]     ; LEDR[14]    ; 9.634 ;    ;    ; 9.634 ;
; SW[15]     ; LEDR[15]    ; 9.404 ;    ;    ; 9.404 ;
; SW[16]     ; LEDR[16]    ; 9.765 ;    ;    ; 9.765 ;
; SW[17]     ; LEDR[17]    ; 9.593 ;    ;    ; 9.593 ;
+------------+-------------+-------+----+----+-------+


+-------------------------------+
; Fast Model Setup Summary      ;
+-------+-------+---------------+
; Clock ; Slack ; End Point TNS ;
+-------+-------+---------------+
; SW[0] ; 0.141 ; 0.000         ;
+-------+-------+---------------+


+-------------------------------+
; Fast Model Hold Summary       ;
+-------+-------+---------------+
; Clock ; Slack ; End Point TNS ;
+-------+-------+---------------+
; SW[0] ; 0.739 ; 0.000         ;
+-------+-------+---------------+


-------------------------------
; Fast Model Recovery Summary ;
-------------------------------
No paths to report.


------------------------------
; Fast Model Removal Summary ;
------------------------------
No paths to report.


+----------------------------------------+
; Fast Model Minimum Pulse Width Summary ;
+-------+--------+-----------------------+
; Clock ; Slack  ; End Point TNS         ;
+-------+--------+-----------------------+
; SW[0] ; -1.380 ; -3.380                ;
+-------+--------+-----------------------+


+-------------------------------------------------------------------------------------------------------------------------------------------------------------------------------------+
; Fast Model Setup: 'SW[0]'                                                                                                                                                           ;
+-------+------------------------------------------------------------+------------------------------------------+--------------+-------------+--------------+------------+------------+
; Slack ; From Node                                                  ; To Node                                  ; Launch Clock ; Latch Clock ; Relationship ; Clock Skew ; Data Delay ;
+-------+------------------------------------------------------------+------------------------------------------+--------------+-------------+--------------+------------+------------+
; 0.141 ; snoopinstance:s1|processador:p1|emissor:e1|estado_saida[0] ; snoopinstance:s1|processador:p1|Cache[4] ; SW[0]        ; SW[0]       ; 0.500        ; 0.000      ; 0.391      ;
+-------+------------------------------------------------------------+------------------------------------------+--------------+-------------+--------------+------------+------------+


+-------------------------------------------------------------------------------------------------------------------------------------------------------------------------------------+
; Fast Model Hold: 'SW[0]'                                                                                                                                                            ;
+-------+------------------------------------------------------------+------------------------------------------+--------------+-------------+--------------+------------+------------+
; Slack ; From Node                                                  ; To Node                                  ; Launch Clock ; Latch Clock ; Relationship ; Clock Skew ; Data Delay ;
+-------+------------------------------------------------------------+------------------------------------------+--------------+-------------+--------------+------------+------------+
; 0.739 ; snoopinstance:s1|processador:p1|emissor:e1|estado_saida[0] ; snoopinstance:s1|processador:p1|Cache[4] ; SW[0]        ; SW[0]       ; -0.500       ; 0.000      ; 0.391      ;
+-------+------------------------------------------------------------+------------------------------------------+--------------+-------------+--------------+------------+------------+


+---------------------------------------------------------------------------------------------------------------------------------------------+
; Fast Model Minimum Pulse Width: 'SW[0]'                                                                                                     ;
+--------+--------------+----------------+------------------+-------+------------+------------------------------------------------------------+
; Slack  ; Actual Width ; Required Width ; Type             ; Clock ; Clock Edge ; Target                                                     ;
+--------+--------------+----------------+------------------+-------+------------+------------------------------------------------------------+
; -1.380 ; 1.000        ; 2.380          ; Port Rate        ; SW[0] ; Rise       ; SW[0]                                                      ;
; -0.500 ; 0.500        ; 1.000          ; High Pulse Width ; SW[0] ; Rise       ; snoopinstance:s1|processador:p1|Cache[4]                   ;
; -0.500 ; 0.500        ; 1.000          ; Low Pulse Width  ; SW[0] ; Rise       ; snoopinstance:s1|processador:p1|Cache[4]                   ;
; -0.500 ; 0.500        ; 1.000          ; High Pulse Width ; SW[0] ; Fall       ; snoopinstance:s1|processador:p1|emissor:e1|estado_saida[0] ;
; -0.500 ; 0.500        ; 1.000          ; Low Pulse Width  ; SW[0] ; Fall       ; snoopinstance:s1|processador:p1|emissor:e1|estado_saida[0] ;
; 0.500  ; 0.500        ; 0.000          ; High Pulse Width ; SW[0] ; Rise       ; SW[0]|combout                                              ;
; 0.500  ; 0.500        ; 0.000          ; Low Pulse Width  ; SW[0] ; Rise       ; SW[0]|combout                                              ;
; 0.500  ; 0.500        ; 0.000          ; High Pulse Width ; SW[0] ; Rise       ; SW[0]~clkctrl|inclk[0]                                     ;
; 0.500  ; 0.500        ; 0.000          ; Low Pulse Width  ; SW[0] ; Rise       ; SW[0]~clkctrl|inclk[0]                                     ;
; 0.500  ; 0.500        ; 0.000          ; High Pulse Width ; SW[0] ; Rise       ; SW[0]~clkctrl|outclk                                       ;
; 0.500  ; 0.500        ; 0.000          ; Low Pulse Width  ; SW[0] ; Rise       ; SW[0]~clkctrl|outclk                                       ;
; 0.500  ; 0.500        ; 0.000          ; High Pulse Width ; SW[0] ; Rise       ; s1|p1|Cache[4]|clk                                         ;
; 0.500  ; 0.500        ; 0.000          ; Low Pulse Width  ; SW[0] ; Rise       ; s1|p1|Cache[4]|clk                                         ;
; 0.500  ; 0.500        ; 0.000          ; High Pulse Width ; SW[0] ; Rise       ; s1|p1|e1|estado_saida[0]|clk                               ;
; 0.500  ; 0.500        ; 0.000          ; Low Pulse Width  ; SW[0] ; Rise       ; s1|p1|e1|estado_saida[0]|clk                               ;
+--------+--------------+----------------+------------------+-------+------------+------------------------------------------------------------+


+-----------------------------------------------------------------------+
; Clock to Output Times                                                 ;
+-----------+------------+-------+-------+------------+-----------------+
; Data Port ; Clock Port ; Rise  ; Fall  ; Clock Edge ; Clock Reference ;
+-----------+------------+-------+-------+------------+-----------------+
; LEDR[*]   ; SW[0]      ; 3.602 ; 3.602 ; Rise       ; SW[0]           ;
;  LEDR[0]  ; SW[0]      ; 2.994 ; 2.994 ; Rise       ; SW[0]           ;
;  LEDR[8]  ; SW[0]      ; 3.602 ; 3.602 ; Rise       ; SW[0]           ;
; LEDR[*]   ; SW[0]      ; 2.994 ; 2.994 ; Fall       ; SW[0]           ;
;  LEDR[0]  ; SW[0]      ; 2.994 ; 2.994 ; Fall       ; SW[0]           ;
+-----------+------------+-------+-------+------------+-----------------+


+-----------------------------------------------------------------------+
; Minimum Clock to Output Times                                         ;
+-----------+------------+-------+-------+------------+-----------------+
; Data Port ; Clock Port ; Rise  ; Fall  ; Clock Edge ; Clock Reference ;
+-----------+------------+-------+-------+------------+-----------------+
; LEDR[*]   ; SW[0]      ; 2.994 ; 2.994 ; Rise       ; SW[0]           ;
;  LEDR[0]  ; SW[0]      ; 2.994 ; 2.994 ; Rise       ; SW[0]           ;
;  LEDR[8]  ; SW[0]      ; 3.602 ; 3.602 ; Rise       ; SW[0]           ;
; LEDR[*]   ; SW[0]      ; 2.994 ; 2.994 ; Fall       ; SW[0]           ;
;  LEDR[0]  ; SW[0]      ; 2.994 ; 2.994 ; Fall       ; SW[0]           ;
+-----------+------------+-------+-------+------------+-----------------+


+----------------------------------------------------+
; Propagation Delay                                  ;
+------------+-------------+-------+----+----+-------+
; Input Port ; Output Port ; RR    ; RF ; FR ; FF    ;
+------------+-------------+-------+----+----+-------+
; SW[11]     ; LEDR[11]    ; 3.065 ;    ;    ; 3.065 ;
; SW[12]     ; LEDR[12]    ; 3.105 ;    ;    ; 3.105 ;
; SW[13]     ; LEDR[13]    ; 5.495 ;    ;    ; 5.495 ;
; SW[14]     ; LEDR[14]    ; 5.528 ;    ;    ; 5.528 ;
; SW[15]     ; LEDR[15]    ; 5.443 ;    ;    ; 5.443 ;
; SW[16]     ; LEDR[16]    ; 5.568 ;    ;    ; 5.568 ;
; SW[17]     ; LEDR[17]    ; 5.505 ;    ;    ; 5.505 ;
+------------+-------------+-------+----+----+-------+


+----------------------------------------------------+
; Minimum Propagation Delay                          ;
+------------+-------------+-------+----+----+-------+
; Input Port ; Output Port ; RR    ; RF ; FR ; FF    ;
+------------+-------------+-------+----+----+-------+
; SW[11]     ; LEDR[11]    ; 3.065 ;    ;    ; 3.065 ;
; SW[12]     ; LEDR[12]    ; 3.105 ;    ;    ; 3.105 ;
; SW[13]     ; LEDR[13]    ; 5.495 ;    ;    ; 5.495 ;
; SW[14]     ; LEDR[14]    ; 5.528 ;    ;    ; 5.528 ;
; SW[15]     ; LEDR[15]    ; 5.443 ;    ;    ; 5.443 ;
; SW[16]     ; LEDR[16]    ; 5.568 ;    ;    ; 5.568 ;
; SW[17]     ; LEDR[17]    ; 5.505 ;    ;    ; 5.505 ;
+------------+-------------+-------+----+----+-------+


+------------------------------------------------------------------------------+
; Multicorner Timing Analysis Summary                                          ;
+------------------+--------+-------+----------+---------+---------------------+
; Clock            ; Setup  ; Hold  ; Recovery ; Removal ; Minimum Pulse Width ;
+------------------+--------+-------+----------+---------+---------------------+
; Worst-case Slack ; -0.248 ; 0.739 ; N/A      ; N/A     ; -1.380              ;
;  SW[0]           ; -0.248 ; 0.739 ; N/A      ; N/A     ; -1.380              ;
; Design-wide TNS  ; -0.248 ; 0.0   ; 0.0      ; 0.0     ; -3.38               ;
;  SW[0]           ; -0.248 ; 0.000 ; N/A      ; N/A     ; -3.380              ;
+------------------+--------+-------+----------+---------+---------------------+


+-----------------------------------------------------------------------+
; Clock to Output Times                                                 ;
+-----------+------------+-------+-------+------------+-----------------+
; Data Port ; Clock Port ; Rise  ; Fall  ; Clock Edge ; Clock Reference ;
+-----------+------------+-------+-------+------------+-----------------+
; LEDR[*]   ; SW[0]      ; 6.312 ; 6.312 ; Rise       ; SW[0]           ;
;  LEDR[0]  ; SW[0]      ; 5.611 ; 5.611 ; Rise       ; SW[0]           ;
;  LEDR[8]  ; SW[0]      ; 6.312 ; 6.312 ; Rise       ; SW[0]           ;
; LEDR[*]   ; SW[0]      ; 5.611 ; 5.611 ; Fall       ; SW[0]           ;
;  LEDR[0]  ; SW[0]      ; 5.611 ; 5.611 ; Fall       ; SW[0]           ;
+-----------+------------+-------+-------+------------+-----------------+


+-----------------------------------------------------------------------+
; Minimum Clock to Output Times                                         ;
+-----------+------------+-------+-------+------------+-----------------+
; Data Port ; Clock Port ; Rise  ; Fall  ; Clock Edge ; Clock Reference ;
+-----------+------------+-------+-------+------------+-----------------+
; LEDR[*]   ; SW[0]      ; 2.994 ; 2.994 ; Rise       ; SW[0]           ;
;  LEDR[0]  ; SW[0]      ; 2.994 ; 2.994 ; Rise       ; SW[0]           ;
;  LEDR[8]  ; SW[0]      ; 3.602 ; 3.602 ; Rise       ; SW[0]           ;
; LEDR[*]   ; SW[0]      ; 2.994 ; 2.994 ; Fall       ; SW[0]           ;
;  LEDR[0]  ; SW[0]      ; 2.994 ; 2.994 ; Fall       ; SW[0]           ;
+-----------+------------+-------+-------+------------+-----------------+


+----------------------------------------------------+
; Progagation Delay                                  ;
+------------+-------------+-------+----+----+-------+
; Input Port ; Output Port ; RR    ; RF ; FR ; FF    ;
+------------+-------------+-------+----+----+-------+
; SW[11]     ; LEDR[11]    ; 5.636 ;    ;    ; 5.636 ;
; SW[12]     ; LEDR[12]    ; 5.688 ;    ;    ; 5.688 ;
; SW[13]     ; LEDR[13]    ; 9.601 ;    ;    ; 9.601 ;
; SW[14]     ; LEDR[14]    ; 9.634 ;    ;    ; 9.634 ;
; SW[15]     ; LEDR[15]    ; 9.404 ;    ;    ; 9.404 ;
; SW[16]     ; LEDR[16]    ; 9.765 ;    ;    ; 9.765 ;
; SW[17]     ; LEDR[17]    ; 9.593 ;    ;    ; 9.593 ;
+------------+-------------+-------+----+----+-------+


+----------------------------------------------------+
; Minimum Progagation Delay                          ;
+------------+-------------+-------+----+----+-------+
; Input Port ; Output Port ; RR    ; RF ; FR ; FF    ;
+------------+-------------+-------+----+----+-------+
; SW[11]     ; LEDR[11]    ; 3.065 ;    ;    ; 3.065 ;
; SW[12]     ; LEDR[12]    ; 3.105 ;    ;    ; 3.105 ;
; SW[13]     ; LEDR[13]    ; 5.495 ;    ;    ; 5.495 ;
; SW[14]     ; LEDR[14]    ; 5.528 ;    ;    ; 5.528 ;
; SW[15]     ; LEDR[15]    ; 5.443 ;    ;    ; 5.443 ;
; SW[16]     ; LEDR[16]    ; 5.568 ;    ;    ; 5.568 ;
; SW[17]     ; LEDR[17]    ; 5.505 ;    ;    ; 5.505 ;
+------------+-------------+-------+----+----+-------+


+-------------------------------------------------------------------+
; Setup Transfers                                                   ;
+------------+----------+----------+----------+----------+----------+
; From Clock ; To Clock ; RR Paths ; FR Paths ; RF Paths ; FF Paths ;
+------------+----------+----------+----------+----------+----------+
; SW[0]      ; SW[0]    ; 0        ; 1        ; 0        ; 0        ;
+------------+----------+----------+----------+----------+----------+
Entries labeled "false path" only account for clock-to-clock false paths and not path-based false paths. As a result, actual path counts may be lower than reported.


+-------------------------------------------------------------------+
; Hold Transfers                                                    ;
+------------+----------+----------+----------+----------+----------+
; From Clock ; To Clock ; RR Paths ; FR Paths ; RF Paths ; FF Paths ;
+------------+----------+----------+----------+----------+----------+
; SW[0]      ; SW[0]    ; 0        ; 1        ; 0        ; 0        ;
+------------+----------+----------+----------+----------+----------+
Entries labeled "false path" only account for clock-to-clock false paths and not path-based false paths. As a result, actual path counts may be lower than reported.


---------------
; Report TCCS ;
---------------
No dedicated SERDES Transmitter circuitry present in device or used in design


---------------
; Report RSKM ;
---------------
No dedicated SERDES Receiver circuitry present in device or used in design


+------------------------------------------------+
; Unconstrained Paths                            ;
+---------------------------------+-------+------+
; Property                        ; Setup ; Hold ;
+---------------------------------+-------+------+
; Illegal Clocks                  ; 0     ; 0    ;
; Unconstrained Clocks            ; 0     ; 0    ;
; Unconstrained Input Ports       ; 8     ; 8    ;
; Unconstrained Input Port Paths  ; 8     ; 8    ;
; Unconstrained Output Ports      ; 9     ; 9    ;
; Unconstrained Output Port Paths ; 9     ; 9    ;
+---------------------------------+-------+------+


+------------------------------------+
; TimeQuest Timing Analyzer Messages ;
+------------------------------------+
Info: *******************************************************************
Info: Running Quartus II 64-Bit TimeQuest Timing Analyzer
    Info: Version 13.0.1 Build 232 06/12/2013 Service Pack 1 SJ Web Edition
    Info: Processing started: Fri Jun 29 00:19:29 2018
Info: Command: quartus_sta snoop -c snoop
Info: qsta_default_script.tcl version: #1
Warning (20028): Parallel compilation is not licensed and has been disabled
Info (21077): Low junction temperature is 0 degrees C
Info (21077): High junction temperature is 85 degrees C
Critical Warning (332012): Synopsys Design Constraints File file not found: 'snoop.sdc'. A Synopsys Design Constraints File is required by the TimeQuest Timing Analyzer to get proper timing constraints. Without it, the Compiler will not properly optimize the design.
Info (332142): No user constrained base clocks found in the design. Calling "derive_clocks -period 1.0"
Info (332105): Deriving Clocks
    Info (332105): create_clock -period 1.000 -name SW[0] SW[0]
Info: Found TIMEQUEST_REPORT_SCRIPT_INCLUDE_DEFAULT_ANALYSIS = ON
Info: Analyzing Slow Model
Critical Warning (332148): Timing requirements not met
Info (332146): Worst-case setup slack is -0.248
    Info (332119):     Slack End Point TNS Clock 
    Info (332119): ========= ============= =====================
    Info (332119):    -0.248        -0.248 SW[0] 
Info (332146): Worst-case hold slack is 1.018
    Info (332119):     Slack End Point TNS Clock 
    Info (332119): ========= ============= =====================
    Info (332119):     1.018         0.000 SW[0] 
Info (332140): No Recovery paths to report
Info (332140): No Removal paths to report
Info (332146): Worst-case minimum pulse width slack is -1.380
    Info (332119):     Slack End Point TNS Clock 
    Info (332119): ========= ============= =====================
    Info (332119):    -1.380        -3.380 SW[0] 
Info (332001): The selected device family is not supported by the report_metastability command.
Info: Analyzing Fast Model
Info (332146): Worst-case setup slack is 0.141
    Info (332119):     Slack End Point TNS Clock 
    Info (332119): ========= ============= =====================
    Info (332119):     0.141         0.000 SW[0] 
Info (332146): Worst-case hold slack is 0.739
    Info (332119):     Slack End Point TNS Clock 
    Info (332119): ========= ============= =====================
    Info (332119):     0.739         0.000 SW[0] 
Info (332140): No Recovery paths to report
Info (332140): No Removal paths to report
Critical Warning (332148): Timing requirements not met
Info (332146): Worst-case minimum pulse width slack is -1.380
    Info (332119):     Slack End Point TNS Clock 
    Info (332119): ========= ============= =====================
    Info (332119):    -1.380        -3.380 SW[0] 
Info (332001): The selected device family is not supported by the report_metastability command.
Info (332102): Design is not fully constrained for setup requirements
Info (332102): Design is not fully constrained for hold requirements
Info: Quartus II 64-Bit TimeQuest Timing Analyzer was successful. 0 errors, 4 warnings
    Info: Peak virtual memory: 4567 megabytes
    Info: Processing ended: Fri Jun 29 00:19:30 2018
    Info: Elapsed time: 00:00:01
    Info: Total CPU time (on all processors): 00:00:01


