Analysis & Synthesis report for snoop
Fri Jun 29 00:19:18 2018
Quartus II 64-Bit Version 13.0.1 Build 232 06/12/2013 Service Pack 1 SJ Web Edition


---------------------
; Table of Contents ;
---------------------
  1. Legal Notice
  2. Analysis & Synthesis Summary
  3. Analysis & Synthesis Settings
  4. Parallel Compilation
  5. Analysis & Synthesis Source Files Read
  6. Analysis & Synthesis Resource Usage Summary
  7. Analysis & Synthesis Resource Utilization by Entity
  8. Registers Removed During Synthesis
  9. Removed Registers Triggering Further Register Optimizations
 10. General Register Statistics
 11. Parameter Settings for User Entity Instance: snoopinstance:s1|processador:p1
 12. Parameter Settings for User Entity Instance: snoopinstance:s1|processador:p1|emissor:e1
 13. Parameter Settings for User Entity Instance: snoopinstance:s1|processador:p2
 14. Parameter Settings for User Entity Instance: snoopinstance:s1|processador:p2|emissor:e1
 15. Parameter Settings for User Entity Instance: snoopinstance:s1|processador:p3
 16. Parameter Settings for User Entity Instance: snoopinstance:s1|processador:p3|emissor:e1
 17. Parameter Settings for User Entity Instance: snoopinstance:s1|mem:m1
 18. Port Connectivity Checks: "snoopinstance:s1|processador:p3"
 19. Port Connectivity Checks: "snoopinstance:s1|processador:p2"
 20. Port Connectivity Checks: "snoopinstance:s1|processador:p1"
 21. Port Connectivity Checks: "snoopinstance:s1"
 22. Elapsed Time Per Partition
 23. Analysis & Synthesis Messages



----------------
; Legal Notice ;
----------------
Copyright (C) 1991-2013 Altera Corporation
Your use of Altera Corporation's design tools, logic functions 
and other software and tools, and its AMPP partner logic 
functions, and any output files from any of the foregoing 
(including device programming or simulation files), and any 
associated documentation or information are expressly subject 
to the terms and conditions of the Altera Program License 
Subscription Agreement, Altera MegaCore Function License 
Agreement, or other applicable license agreement, including, 
without limitation, that your use is for the sole purpose of 
programming logic devices manufactured by Altera and sold by 
Altera or its authorized distributors.  Please refer to the 
applicable agreement for further details.



+--------------------------------------------------------------------------------------+
; Analysis & Synthesis Summary                                                         ;
+------------------------------------+-------------------------------------------------+
; Analysis & Synthesis Status        ; Successful - Fri Jun 29 00:19:18 2018           ;
; Quartus II 64-Bit Version          ; 13.0.1 Build 232 06/12/2013 SP 1 SJ Web Edition ;
; Revision Name                      ; snoop                                           ;
; Top-level Entity Name              ; snoop                                           ;
; Family                             ; Cyclone II                                      ;
; Total logic elements               ; 2                                               ;
;     Total combinational functions  ; 0                                               ;
;     Dedicated logic registers      ; 2                                               ;
; Total registers                    ; 2                                               ;
; Total pins                         ; 44                                              ;
; Total virtual pins                 ; 0                                               ;
; Total memory bits                  ; 0                                               ;
; Embedded Multiplier 9-bit elements ; 0                                               ;
; Total PLLs                         ; 0                                               ;
+------------------------------------+-------------------------------------------------+


+----------------------------------------------------------------------------------------------------------------------+
; Analysis & Synthesis Settings                                                                                        ;
+----------------------------------------------------------------------------+--------------------+--------------------+
; Option                                                                     ; Setting            ; Default Value      ;
+----------------------------------------------------------------------------+--------------------+--------------------+
; Device                                                                     ; EP2C35F672C6       ;                    ;
; Top-level entity name                                                      ; snoop              ; snoop              ;
; Family name                                                                ; Cyclone II         ; Cyclone IV GX      ;
; Use smart compilation                                                      ; Off                ; Off                ;
; Enable parallel Assembler and TimeQuest Timing Analyzer during compilation ; On                 ; On                 ;
; Enable compact report table                                                ; Off                ; Off                ;
; Restructure Multiplexers                                                   ; Auto               ; Auto               ;
; Create Debugging Nodes for IP Cores                                        ; Off                ; Off                ;
; Preserve fewer node names                                                  ; On                 ; On                 ;
; Disable OpenCore Plus hardware evaluation                                  ; Off                ; Off                ;
; Verilog Version                                                            ; Verilog_2001       ; Verilog_2001       ;
; VHDL Version                                                               ; VHDL_1993          ; VHDL_1993          ;
; State Machine Processing                                                   ; Auto               ; Auto               ;
; Safe State Machine                                                         ; Off                ; Off                ;
; Extract Verilog State Machines                                             ; On                 ; On                 ;
; Extract VHDL State Machines                                                ; On                 ; On                 ;
; Ignore Verilog initial constructs                                          ; Off                ; Off                ;
; Iteration limit for constant Verilog loops                                 ; 5000               ; 5000               ;
; Iteration limit for non-constant Verilog loops                             ; 250                ; 250                ;
; Add Pass-Through Logic to Inferred RAMs                                    ; On                 ; On                 ;
; Infer RAMs from Raw Logic                                                  ; On                 ; On                 ;
; Parallel Synthesis                                                         ; On                 ; On                 ;
; DSP Block Balancing                                                        ; Auto               ; Auto               ;
; NOT Gate Push-Back                                                         ; On                 ; On                 ;
; Power-Up Don't Care                                                        ; On                 ; On                 ;
; Remove Redundant Logic Cells                                               ; Off                ; Off                ;
; Remove Duplicate Registers                                                 ; On                 ; On                 ;
; Ignore CARRY Buffers                                                       ; Off                ; Off                ;
; Ignore CASCADE Buffers                                                     ; Off                ; Off                ;
; Ignore GLOBAL Buffers                                                      ; Off                ; Off                ;
; Ignore ROW GLOBAL Buffers                                                  ; Off                ; Off                ;
; Ignore LCELL Buffers                                                       ; Off                ; Off                ;
; Ignore SOFT Buffers                                                        ; On                 ; On                 ;
; Limit AHDL Integers to 32 Bits                                             ; Off                ; Off                ;
; Optimization Technique                                                     ; Balanced           ; Balanced           ;
; Carry Chain Length                                                         ; 70                 ; 70                 ;
; Auto Carry Chains                                                          ; On                 ; On                 ;
; Auto Open-Drain Pins                                                       ; On                 ; On                 ;
; Perform WYSIWYG Primitive Resynthesis                                      ; Off                ; Off                ;
; Auto ROM Replacement                                                       ; On                 ; On                 ;
; Auto RAM Replacement                                                       ; On                 ; On                 ;
; Auto Shift Register Replacement                                            ; Auto               ; Auto               ;
; Allow Shift Register Merging across Hierarchies                            ; Auto               ; Auto               ;
; Auto Clock Enable Replacement                                              ; On                 ; On                 ;
; Strict RAM Replacement                                                     ; Off                ; Off                ;
; Allow Synchronous Control Signals                                          ; On                 ; On                 ;
; Force Use of Synchronous Clear Signals                                     ; Off                ; Off                ;
; Auto RAM to Logic Cell Conversion                                          ; Off                ; Off                ;
; Auto Resource Sharing                                                      ; Off                ; Off                ;
; Allow Any RAM Size For Recognition                                         ; Off                ; Off                ;
; Allow Any ROM Size For Recognition                                         ; Off                ; Off                ;
; Allow Any Shift Register Size For Recognition                              ; Off                ; Off                ;
; Use LogicLock Constraints during Resource Balancing                        ; On                 ; On                 ;
; Ignore translate_off and synthesis_off directives                          ; Off                ; Off                ;
; Timing-Driven Synthesis                                                    ; Off                ; Off                ;
; Report Parameter Settings                                                  ; On                 ; On                 ;
; Report Source Assignments                                                  ; On                 ; On                 ;
; Report Connectivity Checks                                                 ; On                 ; On                 ;
; Ignore Maximum Fan-Out Assignments                                         ; Off                ; Off                ;
; Synchronization Register Chain Length                                      ; 2                  ; 2                  ;
; PowerPlay Power Optimization                                               ; Normal compilation ; Normal compilation ;
; HDL message level                                                          ; Level2             ; Level2             ;
; Suppress Register Optimization Related Messages                            ; Off                ; Off                ;
; Number of Removed Registers Reported in Synthesis Report                   ; 5000               ; 5000               ;
; Number of Swept Nodes Reported in Synthesis Report                         ; 5000               ; 5000               ;
; Number of Inverted Registers Reported in Synthesis Report                  ; 100                ; 100                ;
; Clock MUX Protection                                                       ; On                 ; On                 ;
; Auto Gated Clock Conversion                                                ; Off                ; Off                ;
; Block Design Naming                                                        ; Auto               ; Auto               ;
; SDC constraint protection                                                  ; Off                ; Off                ;
; Synthesis Effort                                                           ; Auto               ; Auto               ;
; Shift Register Replacement - Allow Asynchronous Clear Signal               ; On                 ; On                 ;
; Pre-Mapping Resynthesis Optimization                                       ; Off                ; Off                ;
; Analysis & Synthesis Message Level                                         ; Medium             ; Medium             ;
; Disable Register Merging Across Hierarchies                                ; Auto               ; Auto               ;
; Resource Aware Inference For Block RAM                                     ; On                 ; On                 ;
; Synthesis Seed                                                             ; 1                  ; 1                  ;
+----------------------------------------------------------------------------+--------------------+--------------------+


Parallel compilation was disabled, but you have multiple processors available. Enable parallel compilation to reduce compilation time.
+-------------------------------------+
; Parallel Compilation                ;
+----------------------------+--------+
; Processors                 ; Number ;
+----------------------------+--------+
; Number detected on machine ; 4      ;
; Maximum allowed            ; 1      ;
+----------------------------+--------+


+-----------------------------------------------------------------------------------------------------------------------------------------------+
; Analysis & Synthesis Source Files Read                                                                                                        ;
+----------------------------------+-----------------+------------------------+-------------------------------------------------------+---------+
; File Name with User-Entered Path ; Used in Netlist ; File Type              ; File Name with Absolute Path                          ; Library ;
+----------------------------------+-----------------+------------------------+-------------------------------------------------------+---------+
; snoop.v                          ; yes             ; User Verilog HDL File  ; C:/Users/rubio/Desktop/snoop_completo/snoop.v         ;         ;
; Emissor.v                        ; yes             ; User Verilog HDL File  ; C:/Users/rubio/Desktop/snoop_completo/Emissor.v       ;         ;
; Mem.v                            ; yes             ; User Verilog HDL File  ; C:/Users/rubio/Desktop/snoop_completo/Mem.v           ;         ;
; bus.v                            ; yes             ; User Verilog HDL File  ; C:/Users/rubio/Desktop/snoop_completo/bus.v           ;         ;
; processador.v                    ; yes             ; User Verilog HDL File  ; C:/Users/rubio/Desktop/snoop_completo/processador.v   ;         ;
; snoopinstance.v                  ; yes             ; User Verilog HDL File  ; C:/Users/rubio/Desktop/snoop_completo/snoopinstance.v ;         ;
+----------------------------------+-----------------+------------------------+-------------------------------------------------------+---------+


+-----------------------------------------------------+
; Analysis & Synthesis Resource Usage Summary         ;
+---------------------------------------------+-------+
; Resource                                    ; Usage ;
+---------------------------------------------+-------+
; Estimated Total logic elements              ; 2     ;
;                                             ;       ;
; Total combinational functions               ; 0     ;
; Logic element usage by number of LUT inputs ;       ;
;     -- 4 input functions                    ; 0     ;
;     -- 3 input functions                    ; 0     ;
;     -- <=2 input functions                  ; 0     ;
;                                             ;       ;
; Logic elements by mode                      ;       ;
;     -- normal mode                          ; 0     ;
;     -- arithmetic mode                      ; 0     ;
;                                             ;       ;
; Total registers                             ; 2     ;
;     -- Dedicated logic registers            ; 2     ;
;     -- I/O registers                        ; 0     ;
;                                             ;       ;
; I/O pins                                    ; 44    ;
; Embedded Multiplier 9-bit elements          ; 0     ;
; Maximum fan-out node                        ; SW[0] ;
; Maximum fan-out                             ; 3     ;
; Total fan-out                               ; 12    ;
; Average fan-out                             ; 0.26  ;
+---------------------------------------------+-------+


+-----------------------------------------------------------------------------------------------------------------------------------------------------------------------------------------------------------+
; Analysis & Synthesis Resource Utilization by Entity                                                                                                                                                       ;
+----------------------------+-------------------+--------------+-------------+--------------+---------+-----------+------+--------------+---------------------------------------------------+--------------+
; Compilation Hierarchy Node ; LC Combinationals ; LC Registers ; Memory Bits ; DSP Elements ; DSP 9x9 ; DSP 18x18 ; Pins ; Virtual Pins ; Full Hierarchy Name                               ; Library Name ;
+----------------------------+-------------------+--------------+-------------+--------------+---------+-----------+------+--------------+---------------------------------------------------+--------------+
; |snoop                     ; 0 (0)             ; 2 (0)        ; 0           ; 0            ; 0       ; 0         ; 44   ; 0            ; |snoop                                            ; work         ;
;    |snoopinstance:s1|      ; 0 (0)             ; 2 (0)        ; 0           ; 0            ; 0       ; 0         ; 0    ; 0            ; |snoop|snoopinstance:s1                           ; work         ;
;       |processador:p1|     ; 0 (0)             ; 2 (1)        ; 0           ; 0            ; 0       ; 0         ; 0    ; 0            ; |snoop|snoopinstance:s1|processador:p1            ; work         ;
;          |emissor:e1|      ; 0 (0)             ; 1 (1)        ; 0           ; 0            ; 0       ; 0         ; 0    ; 0            ; |snoop|snoopinstance:s1|processador:p1|emissor:e1 ; work         ;
+----------------------------+-------------------+--------------+-------------+--------------+---------+-----------+------+--------------+---------------------------------------------------+--------------+
Note: For table entries with two numbers listed, the numbers in parentheses indicate the number of resources of the given type used by the specific entity alone. The numbers listed outside of parentheses indicate the total resources of the given type used by the specific entity and all of its sub-entities in the hierarchy.


+-------------------------------------------------------------------------------------------------------------------------------------+
; Registers Removed During Synthesis                                                                                                  ;
+------------------------------------------------------------+------------------------------------------------------------------------+
; Register name                                              ; Reason for Removal                                                     ;
+------------------------------------------------------------+------------------------------------------------------------------------+
; snoopinstance:s1|mem:m1|barout[0..5]                       ; Stuck at GND due to stuck port clock                                   ;
; snoopinstance:s1|processador:p3|alternacpu                 ; Stuck at GND due to stuck port data_in                                 ;
; snoopinstance:s1|processador:p2|alternacpu                 ; Stuck at GND due to stuck port data_in                                 ;
; snoopinstance:s1|processador:p3|barout[2]                  ; Lost fanout                                                            ;
; snoopinstance:s1|processador:p2|barout[2]                  ; Lost fanout                                                            ;
; snoopinstance:s1|processador:p1|barout[2]                  ; Lost fanout                                                            ;
; snoopinstance:s1|processador:p3|barout[1]                  ; Lost fanout                                                            ;
; snoopinstance:s1|processador:p2|barout[1]                  ; Lost fanout                                                            ;
; snoopinstance:s1|processador:p1|barout[1]                  ; Lost fanout                                                            ;
; snoopinstance:s1|processador:p3|barout[0]                  ; Lost fanout                                                            ;
; snoopinstance:s1|processador:p2|barout[0]                  ; Lost fanout                                                            ;
; snoopinstance:s1|processador:p1|barout[0]                  ; Lost fanout                                                            ;
; snoopinstance:s1|processador:p1|alternacpu                 ; Stuck at GND due to stuck port data_in                                 ;
; snoopinstance:s1|processador:p3|Cache[0..2]                ; Lost fanout                                                            ;
; snoopinstance:s1|processador:p1|Cache[0..2]                ; Lost fanout                                                            ;
; snoopinstance:s1|processador:p2|Cache[1,3]                 ; Merged with snoopinstance:s1|processador:p3|ocorrencias[1]             ;
; snoopinstance:s1|processador:p3|ocorrencias[0]             ; Merged with snoopinstance:s1|processador:p3|ocorrencias[1]             ;
; snoopinstance:s1|processador:p2|ocorrencias[0]             ; Merged with snoopinstance:s1|processador:p3|ocorrencias[1]             ;
; snoopinstance:s1|processador:p2|Cache[0]                   ; Merged with snoopinstance:s1|processador:p3|ocorrencias[1]             ;
; snoopinstance:s1|processador:p1|Cache[3]                   ; Merged with snoopinstance:s1|processador:p3|ocorrencias[1]             ;
; snoopinstance:s1|processador:p2|Cache[2]                   ; Merged with snoopinstance:s1|processador:p3|ocorrencias[1]             ;
; snoopinstance:s1|processador:p1|ocorrencias[1]             ; Merged with snoopinstance:s1|processador:p3|ocorrencias[1]             ;
; snoopinstance:s1|processador:p3|Cache[3]                   ; Merged with snoopinstance:s1|processador:p3|ocorrencias[1]             ;
; snoopinstance:s1|processador:p2|ocorrencias[1]             ; Merged with snoopinstance:s1|processador:p3|ocorrencias[1]             ;
; snoopinstance:s1|processador:p1|ocorrencias[0]             ; Merged with snoopinstance:s1|processador:p3|ocorrencias[1]             ;
; snoopinstance:s1|processador:p3|barout[5]                  ; Merged with snoopinstance:s1|processador:p3|barout[4]                  ;
; snoopinstance:s1|processador:p2|barout[5]                  ; Merged with snoopinstance:s1|processador:p2|barout[4]                  ;
; snoopinstance:s1|processador:p1|barout[5]                  ; Merged with snoopinstance:s1|processador:p1|barout[4]                  ;
; snoopinstance:s1|processador:p2|Cache[4]                   ; Merged with snoopinstance:s1|processador:p1|Cache[4]                   ;
; snoopinstance:s1|processador:p3|Cache[4]                   ; Merged with snoopinstance:s1|processador:p1|Cache[4]                   ;
; snoopinstance:s1|processador:p2|Cache[5]                   ; Merged with snoopinstance:s1|processador:p1|Cache[5]                   ;
; snoopinstance:s1|processador:p3|Cache[5]                   ; Merged with snoopinstance:s1|processador:p1|Cache[5]                   ;
; snoopinstance:s1|processador:p2|barout[3]                  ; Merged with snoopinstance:s1|processador:p1|barout[3]                  ;
; snoopinstance:s1|processador:p3|barout[3]                  ; Merged with snoopinstance:s1|processador:p1|barout[3]                  ;
; snoopinstance:s1|processador:p2|barout[4]                  ; Merged with snoopinstance:s1|processador:p1|barout[4]                  ;
; snoopinstance:s1|processador:p3|barout[4]                  ; Merged with snoopinstance:s1|processador:p1|barout[4]                  ;
; snoopinstance:s1|processador:p2|barout[7]                  ; Merged with snoopinstance:s1|processador:p1|barout[7]                  ;
; snoopinstance:s1|processador:p3|barout[7]                  ; Merged with snoopinstance:s1|processador:p1|barout[7]                  ;
; snoopinstance:s1|processador:p2|emissor:e1|estado_saida[0] ; Merged with snoopinstance:s1|processador:p1|emissor:e1|estado_saida[0] ;
; snoopinstance:s1|processador:p3|emissor:e1|estado_saida[0] ; Merged with snoopinstance:s1|processador:p1|emissor:e1|estado_saida[0] ;
; snoopinstance:s1|processador:p2|emissor:e1|estado_saida[1] ; Merged with snoopinstance:s1|processador:p1|emissor:e1|estado_saida[1] ;
; snoopinstance:s1|processador:p3|emissor:e1|estado_saida[1] ; Merged with snoopinstance:s1|processador:p1|emissor:e1|estado_saida[1] ;
; snoopinstance:s1|processador:p3|ocorrencias[1]             ; Stuck at GND due to stuck port data_in                                 ;
; snoopinstance:s1|processador:p1|barout[3,4,7]              ; Stuck at GND due to stuck port data_in                                 ;
; snoopinstance:s1|processador:p1|emissor:e1|estado_saida[1] ; Stuck at GND due to stuck port data_in                                 ;
; snoopinstance:s1|processador:p1|Cache[5]                   ; Stuck at GND due to stuck port data_in                                 ;
; Total Number of Removed Registers = 58                     ;                                                                        ;
+------------------------------------------------------------+------------------------------------------------------------------------+


+-----------------------------------------------------------------------------------------------------------------------------------------------------------------+
; Removed Registers Triggering Further Register Optimizations                                                                                                     ;
+------------------------------------------------+---------------------------+------------------------------------------------------------------------------------+
; Register name                                  ; Reason for Removal        ; Registers Removed due to This Register                                             ;
+------------------------------------------------+---------------------------+------------------------------------------------------------------------------------+
; snoopinstance:s1|mem:m1|barout[2]              ; Stuck at GND              ; snoopinstance:s1|processador:p3|barout[2],                                         ;
;                                                ; due to stuck port clock   ; snoopinstance:s1|processador:p2|barout[2],                                         ;
;                                                ;                           ; snoopinstance:s1|processador:p1|barout[2],                                         ;
;                                                ;                           ; snoopinstance:s1|processador:p3|Cache[2], snoopinstance:s1|processador:p1|Cache[2] ;
; snoopinstance:s1|mem:m1|barout[1]              ; Stuck at GND              ; snoopinstance:s1|processador:p3|barout[1],                                         ;
;                                                ; due to stuck port clock   ; snoopinstance:s1|processador:p2|barout[1],                                         ;
;                                                ;                           ; snoopinstance:s1|processador:p1|barout[1],                                         ;
;                                                ;                           ; snoopinstance:s1|processador:p3|Cache[1], snoopinstance:s1|processador:p1|Cache[1] ;
; snoopinstance:s1|mem:m1|barout[0]              ; Stuck at GND              ; snoopinstance:s1|processador:p3|barout[0],                                         ;
;                                                ; due to stuck port clock   ; snoopinstance:s1|processador:p2|barout[0],                                         ;
;                                                ;                           ; snoopinstance:s1|processador:p1|barout[0],                                         ;
;                                                ;                           ; snoopinstance:s1|processador:p3|Cache[0], snoopinstance:s1|processador:p1|Cache[0] ;
; snoopinstance:s1|processador:p3|ocorrencias[1] ; Stuck at GND              ; snoopinstance:s1|processador:p1|barout[3],                                         ;
;                                                ; due to stuck port data_in ; snoopinstance:s1|processador:p1|barout[4],                                         ;
;                                                ;                           ; snoopinstance:s1|processador:p1|barout[7],                                         ;
;                                                ;                           ; snoopinstance:s1|processador:p1|Cache[5]                                           ;
; snoopinstance:s1|processador:p1|alternacpu     ; Stuck at GND              ; snoopinstance:s1|processador:p1|emissor:e1|estado_saida[1]                         ;
;                                                ; due to stuck port data_in ;                                                                                    ;
+------------------------------------------------+---------------------------+------------------------------------------------------------------------------------+


+------------------------------------------------------+
; General Register Statistics                          ;
+----------------------------------------------+-------+
; Statistic                                    ; Value ;
+----------------------------------------------+-------+
; Total registers                              ; 2     ;
; Number of registers using Synchronous Clear  ; 0     ;
; Number of registers using Synchronous Load   ; 0     ;
; Number of registers using Asynchronous Clear ; 0     ;
; Number of registers using Asynchronous Load  ; 0     ;
; Number of registers using Clock Enable       ; 0     ;
; Number of registers using Preset             ; 0     ;
+----------------------------------------------+-------+


+------------------------------------------------------------------------------+
; Parameter Settings for User Entity Instance: snoopinstance:s1|processador:p1 ;
+----------------+-------+-----------------------------------------------------+
; Parameter Name ; Value ; Type                                                ;
+----------------+-------+-----------------------------------------------------+
; exclusive      ; 10    ; Unsigned Binary                                     ;
; shared         ; 01    ; Unsigned Binary                                     ;
; invalid        ; 00    ; Unsigned Binary                                     ;
; read           ; 0     ; Unsigned Binary                                     ;
; write          ; 1     ; Unsigned Binary                                     ;
; readMiss       ; 01    ; Unsigned Binary                                     ;
; invalidate     ; 10    ; Unsigned Binary                                     ;
; return         ; 11    ; Unsigned Binary                                     ;
+----------------+-------+-----------------------------------------------------+
Note: In order to hide this table in the UI and the text report file, please set the "Show Parameter Settings in Synthesis Report" option in "Analysis and Synthesis Settings -> More Settings" to "Off".


+-----------------------------------------------------------------------------------------+
; Parameter Settings for User Entity Instance: snoopinstance:s1|processador:p1|emissor:e1 ;
+----------------+-------+----------------------------------------------------------------+
; Parameter Name ; Value ; Type                                                           ;
+----------------+-------+----------------------------------------------------------------+
; exclusive      ; 10    ; Unsigned Binary                                                ;
; shared         ; 01    ; Unsigned Binary                                                ;
; invalid        ; 00    ; Unsigned Binary                                                ;
; read           ; 0     ; Unsigned Binary                                                ;
; write          ; 1     ; Unsigned Binary                                                ;
; readMiss       ; 01    ; Unsigned Binary                                                ;
; writeMiss      ; 10    ; Unsigned Binary                                                ;
; invalidate     ; 11    ; Unsigned Binary                                                ;
+----------------+-------+----------------------------------------------------------------+
Note: In order to hide this table in the UI and the text report file, please set the "Show Parameter Settings in Synthesis Report" option in "Analysis and Synthesis Settings -> More Settings" to "Off".


+------------------------------------------------------------------------------+
; Parameter Settings for User Entity Instance: snoopinstance:s1|processador:p2 ;
+----------------+-------+-----------------------------------------------------+
; Parameter Name ; Value ; Type                                                ;
+----------------+-------+-----------------------------------------------------+
; exclusive      ; 10    ; Unsigned Binary                                     ;
; shared         ; 01    ; Unsigned Binary                                     ;
; invalid        ; 00    ; Unsigned Binary                                     ;
; read           ; 0     ; Unsigned Binary                                     ;
; write          ; 1     ; Unsigned Binary                                     ;
; readMiss       ; 01    ; Unsigned Binary                                     ;
; invalidate     ; 10    ; Unsigned Binary                                     ;
; return         ; 11    ; Unsigned Binary                                     ;
+----------------+-------+-----------------------------------------------------+
Note: In order to hide this table in the UI and the text report file, please set the "Show Parameter Settings in Synthesis Report" option in "Analysis and Synthesis Settings -> More Settings" to "Off".


+-----------------------------------------------------------------------------------------+
; Parameter Settings for User Entity Instance: snoopinstance:s1|processador:p2|emissor:e1 ;
+----------------+-------+----------------------------------------------------------------+
; Parameter Name ; Value ; Type                                                           ;
+----------------+-------+----------------------------------------------------------------+
; exclusive      ; 10    ; Unsigned Binary                                                ;
; shared         ; 01    ; Unsigned Binary                                                ;
; invalid        ; 00    ; Unsigned Binary                                                ;
; read           ; 0     ; Unsigned Binary                                                ;
; write          ; 1     ; Unsigned Binary                                                ;
; readMiss       ; 01    ; Unsigned Binary                                                ;
; writeMiss      ; 10    ; Unsigned Binary                                                ;
; invalidate     ; 11    ; Unsigned Binary                                                ;
+----------------+-------+----------------------------------------------------------------+
Note: In order to hide this table in the UI and the text report file, please set the "Show Parameter Settings in Synthesis Report" option in "Analysis and Synthesis Settings -> More Settings" to "Off".


+------------------------------------------------------------------------------+
; Parameter Settings for User Entity Instance: snoopinstance:s1|processador:p3 ;
+----------------+-------+-----------------------------------------------------+
; Parameter Name ; Value ; Type                                                ;
+----------------+-------+-----------------------------------------------------+
; exclusive      ; 10    ; Unsigned Binary                                     ;
; shared         ; 01    ; Unsigned Binary                                     ;
; invalid        ; 00    ; Unsigned Binary                                     ;
; read           ; 0     ; Unsigned Binary                                     ;
; write          ; 1     ; Unsigned Binary                                     ;
; readMiss       ; 01    ; Unsigned Binary                                     ;
; invalidate     ; 10    ; Unsigned Binary                                     ;
; return         ; 11    ; Unsigned Binary                                     ;
+----------------+-------+-----------------------------------------------------+
Note: In order to hide this table in the UI and the text report file, please set the "Show Parameter Settings in Synthesis Report" option in "Analysis and Synthesis Settings -> More Settings" to "Off".


+-----------------------------------------------------------------------------------------+
; Parameter Settings for User Entity Instance: snoopinstance:s1|processador:p3|emissor:e1 ;
+----------------+-------+----------------------------------------------------------------+
; Parameter Name ; Value ; Type                                                           ;
+----------------+-------+----------------------------------------------------------------+
; exclusive      ; 10    ; Unsigned Binary                                                ;
; shared         ; 01    ; Unsigned Binary                                                ;
; invalid        ; 00    ; Unsigned Binary                                                ;
; read           ; 0     ; Unsigned Binary                                                ;
; write          ; 1     ; Unsigned Binary                                                ;
; readMiss       ; 01    ; Unsigned Binary                                                ;
; writeMiss      ; 10    ; Unsigned Binary                                                ;
; invalidate     ; 11    ; Unsigned Binary                                                ;
+----------------+-------+----------------------------------------------------------------+
Note: In order to hide this table in the UI and the text report file, please set the "Show Parameter Settings in Synthesis Report" option in "Analysis and Synthesis Settings -> More Settings" to "Off".


+----------------------------------------------------------------------+
; Parameter Settings for User Entity Instance: snoopinstance:s1|mem:m1 ;
+----------------+-------+---------------------------------------------+
; Parameter Name ; Value ; Type                                        ;
+----------------+-------+---------------------------------------------+
; readmiss       ; 01    ; Unsigned Binary                             ;
; invalidate     ; 10    ; Unsigned Binary                             ;
; return         ; 11    ; Unsigned Binary                             ;
+----------------+-------+---------------------------------------------+
Note: In order to hide this table in the UI and the text report file, please set the "Show Parameter Settings in Synthesis Report" option in "Analysis and Synthesis Settings -> More Settings" to "Off".


+-------------------------------------------------------------+
; Port Connectivity Checks: "snoopinstance:s1|processador:p3" ;
+---------------------+-------+----------+--------------------+
; Port                ; Type  ; Severity ; Details            ;
+---------------------+-------+----------+--------------------+
; escolhe_processador ; Input ; Info     ; Stuck at VCC       ;
+---------------------+-------+----------+--------------------+


+-------------------------------------------------------------+
; Port Connectivity Checks: "snoopinstance:s1|processador:p2" ;
+------------------------+-------+----------+-----------------+
; Port                   ; Type  ; Severity ; Details         ;
+------------------------+-------+----------+-----------------+
; escolhe_processador[1] ; Input ; Info     ; Stuck at VCC    ;
; escolhe_processador[0] ; Input ; Info     ; Stuck at GND    ;
+------------------------+-------+----------+-----------------+


+-------------------------------------------------------------+
; Port Connectivity Checks: "snoopinstance:s1|processador:p1" ;
+------------------------+-------+----------+-----------------+
; Port                   ; Type  ; Severity ; Details         ;
+------------------------+-------+----------+-----------------+
; escolhe_processador[1] ; Input ; Info     ; Stuck at GND    ;
; escolhe_processador[0] ; Input ; Info     ; Stuck at VCC    ;
+------------------------+-------+----------+-----------------+


+---------------------------------------------------------------------------------------------------------------------------------------------------------------------------+
; Port Connectivity Checks: "snoopinstance:s1"                                                                                                                              ;
+--------+--------+----------+----------------------------------------------------------------------------------------------------------------------------------------------+
; Port   ; Type   ; Severity ; Details                                                                                                                                      ;
+--------+--------+----------+----------------------------------------------------------------------------------------------------------------------------------------------+
; Inst   ; Input  ; Warning  ; Input port expression (1 bits) is smaller than the input port (7 bits) it drives.  Extra input bit(s) "Inst[6..1]" will be connected to GND. ;
; cache1 ; Output ; Info     ; Connected to dangling logic. Logic that only feeds a dangling port will be removed.                                                          ;
; cache3 ; Output ; Info     ; Connected to dangling logic. Logic that only feeds a dangling port will be removed.                                                          ;
+--------+--------+----------+----------------------------------------------------------------------------------------------------------------------------------------------+


+-------------------------------+
; Elapsed Time Per Partition    ;
+----------------+--------------+
; Partition Name ; Elapsed Time ;
+----------------+--------------+
; Top            ; 00:00:00     ;
+----------------+--------------+


+-------------------------------+
; Analysis & Synthesis Messages ;
+-------------------------------+
Info: *******************************************************************
Info: Running Quartus II 64-Bit Analysis & Synthesis
    Info: Version 13.0.1 Build 232 06/12/2013 Service Pack 1 SJ Web Edition
    Info: Processing started: Fri Jun 29 00:19:17 2018
Info: Command: quartus_map --read_settings_files=on --write_settings_files=off snoop -c snoop
Warning (20028): Parallel compilation is not licensed and has been disabled
Info (12021): Found 1 design units, including 1 entities, in source file snoop.v
    Info (12023): Found entity 1: snoop
Info (12021): Found 1 design units, including 1 entities, in source file emissor.v
    Info (12023): Found entity 1: emissor
Info (12021): Found 1 design units, including 1 entities, in source file receptor.v
    Info (12023): Found entity 1: ReceptorSnoopingMESI
Warning (10463): Verilog HDL Declaration warning at Mem.v(14): "return" is SystemVerilog-2005 keyword
Info (12021): Found 1 design units, including 1 entities, in source file mem.v
    Info (12023): Found entity 1: mem
Info (12021): Found 1 design units, including 1 entities, in source file bus.v
    Info (12023): Found entity 1: bus
Warning (10463): Verilog HDL Declaration warning at processador.v(47): "return" is SystemVerilog-2005 keyword
Info (12021): Found 1 design units, including 1 entities, in source file processador.v
    Info (12023): Found entity 1: processador
Info (12021): Found 1 design units, including 1 entities, in source file snoopinstance.v
    Info (12023): Found entity 1: snoopinstance
Warning (10236): Verilog HDL Implicit Net warning at snoop.v(21): created implicit net for "Ins"
Warning (10236): Verilog HDL Implicit Net warning at snoopinstance.v(17): created implicit net for "Clock"
Info (12127): Elaborating entity "snoop" for the top level hierarchy
Warning (10034): Output port "LEDG" at snoop.v(11) has no driver
Warning (10034): Output port "LEDR[10]" at snoop.v(12) has no driver
Warning (10034): Output port "LEDR[3..1]" at snoop.v(12) has no driver
Info (12128): Elaborating entity "snoopinstance" for hierarchy "snoopinstance:s1"
Info (12128): Elaborating entity "processador" for hierarchy "snoopinstance:s1|processador:p1"
Warning (10036): Verilog HDL or VHDL warning at processador.v(26): object "alternabus" assigned a value but never read
Info (12128): Elaborating entity "emissor" for hierarchy "snoopinstance:s1|processador:p1|emissor:e1"
Info (12128): Elaborating entity "mem" for hierarchy "snoopinstance:s1|mem:m1"
Info (12128): Elaborating entity "bus" for hierarchy "snoopinstance:s1|bus:barramento1"
Warning (10235): Verilog HDL Always Construct warning at bus.v(11): variable "Barramento1" is read inside the Always Construct but isn't in the Always Construct's Event Control
Warning (10235): Verilog HDL Always Construct warning at bus.v(12): variable "Barramento1" is read inside the Always Construct but isn't in the Always Construct's Event Control
Warning (10235): Verilog HDL Always Construct warning at bus.v(14): variable "Barramento2" is read inside the Always Construct but isn't in the Always Construct's Event Control
Warning (10235): Verilog HDL Always Construct warning at bus.v(15): variable "Barramento2" is read inside the Always Construct but isn't in the Always Construct's Event Control
Warning (10235): Verilog HDL Always Construct warning at bus.v(17): variable "Barramento3" is read inside the Always Construct but isn't in the Always Construct's Event Control
Warning (10235): Verilog HDL Always Construct warning at bus.v(18): variable "Barramento3" is read inside the Always Construct but isn't in the Always Construct's Event Control
Warning (10235): Verilog HDL Always Construct warning at bus.v(20): variable "BarramentoMemoria" is read inside the Always Construct but isn't in the Always Construct's Event Control
Warning (10235): Verilog HDL Always Construct warning at bus.v(21): variable "BarramentoMemoria" is read inside the Always Construct but isn't in the Always Construct's Event Control
Warning (12241): 1 hierarchies have connectivity warnings - see the Connectivity Checks report folder
Warning (13024): Output pins are stuck at VCC or GND
    Warning (13410): Pin "LEDG[0]" is stuck at GND
    Warning (13410): Pin "LEDG[1]" is stuck at GND
    Warning (13410): Pin "LEDG[2]" is stuck at GND
    Warning (13410): Pin "LEDG[3]" is stuck at GND
    Warning (13410): Pin "LEDG[4]" is stuck at GND
    Warning (13410): Pin "LEDG[5]" is stuck at GND
    Warning (13410): Pin "LEDG[6]" is stuck at GND
    Warning (13410): Pin "LEDG[7]" is stuck at GND
    Warning (13410): Pin "LEDR[1]" is stuck at GND
    Warning (13410): Pin "LEDR[2]" is stuck at GND
    Warning (13410): Pin "LEDR[3]" is stuck at GND
    Warning (13410): Pin "LEDR[4]" is stuck at GND
    Warning (13410): Pin "LEDR[5]" is stuck at GND
    Warning (13410): Pin "LEDR[6]" is stuck at GND
    Warning (13410): Pin "LEDR[7]" is stuck at GND
    Warning (13410): Pin "LEDR[9]" is stuck at GND
    Warning (13410): Pin "LEDR[10]" is stuck at GND
Info (17049): 15 registers lost all their fanouts during netlist optimizations.
Info (16010): Generating hard_block partition "hard_block:auto_generated_inst"
    Info (16011): Adding 0 node(s), including 0 DDIO, 0 PLL, 0 transceiver and 0 LCELL
Warning (21074): Design contains 10 input pin(s) that do not drive logic
    Warning (15610): No output dependent on input pin "SW[1]"
    Warning (15610): No output dependent on input pin "SW[2]"
    Warning (15610): No output dependent on input pin "SW[3]"
    Warning (15610): No output dependent on input pin "SW[4]"
    Warning (15610): No output dependent on input pin "SW[5]"
    Warning (15610): No output dependent on input pin "SW[6]"
    Warning (15610): No output dependent on input pin "SW[7]"
    Warning (15610): No output dependent on input pin "SW[8]"
    Warning (15610): No output dependent on input pin "SW[9]"
    Warning (15610): No output dependent on input pin "SW[10]"
Info (21057): Implemented 46 device resources after synthesis - the final resource count might be different
    Info (21058): Implemented 18 input pins
    Info (21059): Implemented 26 output pins
    Info (21061): Implemented 2 logic cells
Info: Quartus II 64-Bit Analysis & Synthesis was successful. 0 errors, 47 warnings
    Info: Peak virtual memory: 4624 megabytes
    Info: Processing ended: Fri Jun 29 00:19:18 2018
    Info: Elapsed time: 00:00:01
    Info: Total CPU time (on all processors): 00:00:01


